{"C:\\Users\\tenib\\bootcamp\\svg-123\\index.js": {"path":"C:\\Users\\tenib\\bootcamp\\svg-123\\index.js","statementMap":{"0":{"start":{"line":1,"column":11},"end":{"line":1,"column":24}},"1":{"start":{"line":2,"column":17},"end":{"line":2,"column":36}},"2":{"start":{"line":4,"column":24},"end":{"line":4,"column":26}},"3":{"start":{"line":8,"column":4},"end":{"line":14,"column":5}},"4":{"start":{"line":9,"column":21},"end":{"line":9,"column":65}},"5":{"start":{"line":10,"column":8},"end":{"line":10,"column":81}},"6":{"start":{"line":10,"column":66},"end":{"line":10,"column":79}},"7":{"start":{"line":11,"column":8},"end":{"line":11,"column":39}},"8":{"start":{"line":13,"column":8},"end":{"line":13,"column":27}},"9":{"start":{"line":17,"column":0},"end":{"line":17,"column":16}},"10":{"start":{"line":19,"column":20},"end":{"line":71,"column":1}},"11":{"start":{"line":25,"column":12},"end":{"line":29,"column":13}},"12":{"start":{"line":26,"column":16},"end":{"line":26,"column":63}},"13":{"start":{"line":28,"column":16},"end":{"line":28,"column":28}},"14":{"start":{"line":37,"column":34},"end":{"line":37,"column":53}},"15":{"start":{"line":38,"column":12},"end":{"line":45,"column":13}},"16":{"start":{"line":39,"column":16},"end":{"line":39,"column":63}},"17":{"start":{"line":40,"column":19},"end":{"line":45,"column":13}},"18":{"start":{"line":41,"column":16},"end":{"line":41,"column":77}},"19":{"start":{"line":42,"column":16},"end":{"line":42,"column":28}},"20":{"start":{"line":44,"column":16},"end":{"line":44,"column":69}},"21":{"start":{"line":59,"column":34},"end":{"line":59,"column":53}},"22":{"start":{"line":60,"column":12},"end":{"line":68,"column":13}},"23":{"start":{"line":61,"column":16},"end":{"line":61,"column":64}},"24":{"start":{"line":62,"column":16},"end":{"line":62,"column":28}},"25":{"start":{"line":63,"column":19},"end":{"line":68,"column":13}},"26":{"start":{"line":64,"column":16},"end":{"line":64,"column":78}},"27":{"start":{"line":65,"column":16},"end":{"line":65,"column":28}},"28":{"start":{"line":67,"column":16},"end":{"line":67,"column":69}},"29":{"start":{"line":74,"column":0},"end":{"line":80,"column":7}},"30":{"start":{"line":77,"column":26},"end":{"line":77,"column":33}},"31":{"start":{"line":78,"column":8},"end":{"line":78,"column":65}},"32":{"start":{"line":79,"column":8},"end":{"line":79,"column":29}},"33":{"start":{"line":83,"column":21},"end":{"line":83,"column":39}},"34":{"start":{"line":84,"column":16},"end":{"line":84,"column":31}},"35":{"start":{"line":85,"column":14},"end":{"line":85,"column":16}},"36":{"start":{"line":87,"column":20},"end":{"line":87,"column":39}},"37":{"start":{"line":88,"column":4},"end":{"line":90,"column":5}},"38":{"start":{"line":89,"column":8},"end":{"line":89,"column":44}},"39":{"start":{"line":92,"column":21},"end":{"line":92,"column":41}},"40":{"start":{"line":93,"column":4},"end":{"line":95,"column":5}},"41":{"start":{"line":94,"column":8},"end":{"line":94,"column":46}},"42":{"start":{"line":97,"column":4},"end":{"line":133,"column":7}},"43":{"start":{"line":100,"column":10},"end":{"line":100,"column":48}},"44":{"start":{"line":101,"column":0},"end":{"line":107,"column":10}},"45":{"start":{"line":108,"column":10},"end":{"line":108,"column":16}},"46":{"start":{"line":111,"column":10},"end":{"line":111,"column":48}},"47":{"start":{"line":112,"column":10},"end":{"line":116,"column":10}},"48":{"start":{"line":117,"column":10},"end":{"line":117,"column":16}},"49":{"start":{"line":120,"column":10},"end":{"line":120,"column":50}},"50":{"start":{"line":121,"column":8},"end":{"line":131,"column":10}},"51":{"start":{"line":132,"column":10},"end":{"line":132,"column":16}},"52":{"start":{"line":136,"column":4},"end":{"line":136,"column":38}},"53":{"start":{"line":137,"column":4},"end":{"line":137,"column":38}},"54":{"start":{"line":140,"column":0},"end":{"line":140,"column":27}}},"fnMap":{"0":{"name":"initializeApp","decl":{"start":{"line":7,"column":9},"end":{"line":7,"column":22}},"loc":{"start":{"line":7,"column":25},"end":{"line":15,"column":1}},"line":7},"1":{"name":"(anonymous_1)","decl":{"start":{"line":10,"column":56},"end":{"line":10,"column":57}},"loc":{"start":{"line":10,"column":66},"end":{"line":10,"column":79}},"line":10},"2":{"name":"(anonymous_2)","decl":{"start":{"line":24,"column":18},"end":{"line":24,"column":19}},"loc":{"start":{"line":24,"column":34},"end":{"line":30,"column":9}},"line":24},"3":{"name":"(anonymous_3)","decl":{"start":{"line":36,"column":18},"end":{"line":36,"column":19}},"loc":{"start":{"line":36,"column":34},"end":{"line":46,"column":9}},"line":36},"4":{"name":"(anonymous_4)","decl":{"start":{"line":58,"column":18},"end":{"line":58,"column":19}},"loc":{"start":{"line":58,"column":34},"end":{"line":69,"column":9}},"line":58},"5":{"name":"(anonymous_5)","decl":{"start":{"line":76,"column":10},"end":{"line":76,"column":11}},"loc":{"start":{"line":76,"column":23},"end":{"line":80,"column":5}},"line":76},"6":{"name":"makeMySvg","decl":{"start":{"line":82,"column":9},"end":{"line":82,"column":18}},"loc":{"start":{"line":82,"column":30},"end":{"line":138,"column":1}},"line":82}},"branchMap":{"0":{"loc":{"start":{"line":25,"column":12},"end":{"line":29,"column":13}},"type":"if","locations":[{"start":{"line":25,"column":12},"end":{"line":29,"column":13}},{"start":{"line":27,"column":19},"end":{"line":29,"column":13}}],"line":25},"1":{"loc":{"start":{"line":38,"column":12},"end":{"line":45,"column":13}},"type":"if","locations":[{"start":{"line":38,"column":12},"end":{"line":45,"column":13}},{"start":{"line":40,"column":19},"end":{"line":45,"column":13}}],"line":38},"2":{"loc":{"start":{"line":40,"column":19},"end":{"line":45,"column":13}},"type":"if","locations":[{"start":{"line":40,"column":19},"end":{"line":45,"column":13}},{"start":{"line":43,"column":19},"end":{"line":45,"column":13}}],"line":40},"3":{"loc":{"start":{"line":60,"column":12},"end":{"line":68,"column":13}},"type":"if","locations":[{"start":{"line":60,"column":12},"end":{"line":68,"column":13}},{"start":{"line":63,"column":19},"end":{"line":68,"column":13}}],"line":60},"4":{"loc":{"start":{"line":63,"column":19},"end":{"line":68,"column":13}},"type":"if","locations":[{"start":{"line":63,"column":19},"end":{"line":68,"column":13}},{"start":{"line":66,"column":19},"end":{"line":68,"column":13}}],"line":63},"5":{"loc":{"start":{"line":88,"column":4},"end":{"line":90,"column":5}},"type":"if","locations":[{"start":{"line":88,"column":4},"end":{"line":90,"column":5}},{"start":{},"end":{}}],"line":88},"6":{"loc":{"start":{"line":93,"column":4},"end":{"line":95,"column":5}},"type":"if","locations":[{"start":{"line":93,"column":4},"end":{"line":95,"column":5}},{"start":{},"end":{}}],"line":93},"7":{"loc":{"start":{"line":97,"column":4},"end":{"line":133,"column":7}},"type":"switch","locations":[{"start":{"line":99,"column":8},"end":{"line":108,"column":16}},{"start":{"line":110,"column":8},"end":{"line":117,"column":16}},{"start":{"line":119,"column":8},"end":{"line":132,"column":16}}],"line":97}},"s":{"0":1,"1":1,"2":1,"3":1,"4":1,"5":1,"6":148,"7":1,"8":0,"9":1,"10":1,"11":0,"12":0,"13":0,"14":0,"15":0,"16":0,"17":0,"18":0,"19":0,"20":0,"21":0,"22":0,"23":0,"24":0,"25":0,"26":0,"27":0,"28":0,"29":1,"30":0,"31":0,"32":0,"33":5,"34":4,"35":4,"36":4,"37":4,"38":3,"39":4,"40":4,"41":4,"42":0,"43":0,"44":0,"45":0,"46":0,"47":0,"48":0,"49":0,"50":0,"51":0,"52":0,"53":0,"54":1},"f":{"0":1,"1":148,"2":0,"3":0,"4":0,"5":0,"6":5},"b":{"0":[0,0],"1":[0,0],"2":[0,0],"3":[0,0],"4":[0,0],"5":[3,1],"6":[4,0],"7":[0,0,0]},"_coverageSchema":"1a1c01bbd47fc00a2c39e90264f33305004495a9","hash":"97ed38051d13b06e6ef2688dd9c1be5e086a1ad2"}
}
