TN:
SF:index.js
FN:7,initializeApp
FN:10,(anonymous_1)
FN:24,(anonymous_2)
FN:36,(anonymous_3)
FN:58,(anonymous_4)
FN:76,(anonymous_5)
FN:82,makeMySvg
FNF:7
FNH:3
FNDA:1,initializeApp
FNDA:148,(anonymous_1)
FNDA:0,(anonymous_2)
FNDA:0,(anonymous_3)
FNDA:0,(anonymous_4)
FNDA:0,(anonymous_5)
FNDA:5,makeMySvg
DA:1,1
DA:2,1
DA:4,1
DA:8,1
DA:9,1
DA:10,148
DA:11,1
DA:13,0
DA:17,1
DA:19,1
DA:25,0
DA:26,0
DA:28,0
DA:37,0
DA:38,0
DA:39,0
DA:40,0
DA:41,0
DA:42,0
DA:44,0
DA:59,0
DA:60,0
DA:61,0
DA:62,0
DA:63,0
DA:64,0
DA:65,0
DA:67,0
DA:74,1
DA:77,0
DA:78,0
DA:79,0
DA:83,5
DA:84,4
DA:85,4
DA:87,4
DA:88,4
DA:89,3
DA:92,4
DA:93,4
DA:94,4
DA:97,0
DA:100,0
DA:101,0
DA:108,0
DA:111,0
DA:112,0
DA:117,0
DA:120,0
DA:121,0
DA:132,0
DA:136,0
DA:137,0
DA:140,1
LF:54
LH:20
BRDA:25,0,0,0
BRDA:25,0,1,0
BRDA:38,1,0,0
BRDA:38,1,1,0
BRDA:40,2,0,0
BRDA:40,2,1,0
BRDA:60,3,0,0
BRDA:60,3,1,0
BRDA:63,4,0,0
BRDA:63,4,1,0
BRDA:88,5,0,3
BRDA:88,5,1,1
BRDA:93,6,0,4
BRDA:93,6,1,0
BRDA:97,7,0,0
BRDA:97,7,1,0
BRDA:97,7,2,0
BRF:17
BRH:3
end_of_record
